2018-02-06 22:30:14.836  INFO 8114 --- [main] core.Application                         : Starting Application on supercomp with PID 8114 (/home/atila/git/SSPB/target/classes started by atila in /home/atila/git/SSPB)
2018-02-06 22:30:14.856 DEBUG 8114 --- [main] core.Application                         : Running with Spring Boot v1.5.9.RELEASE, Spring v4.3.13.RELEASE
2018-02-06 22:30:14.859  INFO 8114 --- [main] core.Application                         : No active profile set, falling back to default profiles: default
2018-02-06 22:30:24.505  INFO 8114 --- [main] o.apache.catalina.core.StandardService   : Starting service [Tomcat]
2018-02-06 22:30:24.511  INFO 8114 --- [main] org.apache.catalina.core.StandardEngine  : Starting Servlet Engine: Apache Tomcat/8.5.23
2018-02-06 22:30:25.423  INFO 8114 --- [localhost-startStop-1] o.a.c.c.C.[Tomcat].[localhost].[/]       : Initializing Spring embedded WebApplicationContext
2018-02-06 22:30:35.912  INFO 8114 --- [main] core.Application                         : Started Application in 24.073 seconds (JVM running for 45.344)
2018-02-06 22:31:00.941  INFO 8114 --- [http-nio-8080-exec-1] o.a.c.c.C.[Tomcat].[localhost].[/]       : Initializing Spring FrameworkServlet 'dispatcherServlet'
2018-02-06 22:31:01.949 DEBUG 8114 --- [http-nio-8080-exec-1] core.PlayController                      : PlayRequest [shape=Papier, gameMode=Klassik]
2018-02-06 22:31:02.084  INFO 8114 --- [http-nio-8080-exec-1] o.jeasy.rules.core.DefaultRuleListener   : Engine parameters { skipOnFirstAppliedRule = false, skipOnFirstNonTriggeredRule = false, skipOnFirstFailedRule = false, priorityThreshold = 2147483647 }
2018-02-06 22:31:02.088  INFO 8114 --- [http-nio-8080-exec-1] o.jeasy.rules.core.DefaultRuleListener   : Registered rules:
2018-02-06 22:31:02.097  INFO 8114 --- [http-nio-8080-exec-1] o.jeasy.rules.core.DefaultRuleListener   : Rule { name = 'paper rock rule', description = 'paper beats rock', priority = '2147483646'}
2018-02-06 22:31:02.111  INFO 8114 --- [http-nio-8080-exec-1] o.jeasy.rules.core.DefaultRuleListener   : Rule { name = 'paper scissor rule', description = 'scissor beats paper', priority = '2147483646'}
2018-02-06 22:31:02.123  INFO 8114 --- [http-nio-8080-exec-1] o.jeasy.rules.core.DefaultRuleListener   : Rule { name = 'rock paper rule', description = 'paper beats rock', priority = '2147483646'}
2018-02-06 22:31:02.125  INFO 8114 --- [http-nio-8080-exec-1] o.jeasy.rules.core.DefaultRuleListener   : Rule { name = 'rock scissor rule', description = 'rock beats scissor', priority = '2147483646'}
2018-02-06 22:31:02.127  INFO 8114 --- [http-nio-8080-exec-1] o.jeasy.rules.core.DefaultRuleListener   : Rule { name = 'scissor paper rule', description = 'scissor beats paper', priority = '2147483646'}
2018-02-06 22:31:02.129  INFO 8114 --- [http-nio-8080-exec-1] o.jeasy.rules.core.DefaultRuleListener   : Rule { name = 'scissor rock rule', description = 'rock beats scissor', priority = '2147483646'}
2018-02-06 22:31:02.137  INFO 8114 --- [http-nio-8080-exec-1] o.jeasy.rules.core.DefaultRuleListener   : Rule { name = 'tie rule', description = 'tie situation', priority = '2147483646'}
2018-02-06 22:31:02.149  INFO 8114 --- [http-nio-8080-exec-1] o.jeasy.rules.core.DefaultRuleListener   : Known facts:
2018-02-06 22:31:02.151  INFO 8114 --- [http-nio-8080-exec-1] o.jeasy.rules.core.DefaultRuleListener   : Fact { selections : core.game.Selections@3c13d966 }
2018-02-06 22:31:02.153  INFO 8114 --- [http-nio-8080-exec-1] o.jeasy.rules.core.DefaultRuleListener   : Rules evaluation started
2018-02-06 22:31:02.156  INFO 8114 --- [http-nio-8080-exec-1] o.jeasy.rules.core.DefaultRuleListener   : Rule 'paper rock rule' has been evaluated to false, it has not been executed
2018-02-06 22:31:02.159  INFO 8114 --- [http-nio-8080-exec-1] o.jeasy.rules.core.DefaultRuleListener   : Rule 'paper scissor rule' triggered
2018-02-06 22:31:02.172  INFO 8114 --- [http-nio-8080-exec-1] core.rules.PaperScissorRule              : Scissor beats paper: User B wins!
2018-02-06 22:31:02.174  INFO 8114 --- [http-nio-8080-exec-1] o.jeasy.rules.core.DefaultRuleListener   : Rule 'paper scissor rule' performed successfully
2018-02-06 22:31:02.176  INFO 8114 --- [http-nio-8080-exec-1] o.jeasy.rules.core.DefaultRuleListener   : Rule 'rock paper rule' has been evaluated to false, it has not been executed
2018-02-06 22:31:02.178  INFO 8114 --- [http-nio-8080-exec-1] o.jeasy.rules.core.DefaultRuleListener   : Rule 'rock scissor rule' has been evaluated to false, it has not been executed
2018-02-06 22:31:02.180  INFO 8114 --- [http-nio-8080-exec-1] o.jeasy.rules.core.DefaultRuleListener   : Rule 'scissor paper rule' has been evaluated to false, it has not been executed
2018-02-06 22:31:02.182  INFO 8114 --- [http-nio-8080-exec-1] o.jeasy.rules.core.DefaultRuleListener   : Rule 'scissor rock rule' has been evaluated to false, it has not been executed
2018-02-06 22:31:02.185  INFO 8114 --- [http-nio-8080-exec-1] o.jeasy.rules.core.DefaultRuleListener   : Rule 'tie rule' has been evaluated to false, it has not been executed
2018-02-06 22:31:04.901 DEBUG 8114 --- [http-nio-8080-exec-2] core.PlayController                      : PlayRequest [shape=Papier, gameMode=Klassik]
2018-02-06 22:31:04.903  INFO 8114 --- [http-nio-8080-exec-2] o.jeasy.rules.core.DefaultRuleListener   : Engine parameters { skipOnFirstAppliedRule = false, skipOnFirstNonTriggeredRule = false, skipOnFirstFailedRule = false, priorityThreshold = 2147483647 }
2018-02-06 22:31:04.909  INFO 8114 --- [http-nio-8080-exec-2] o.jeasy.rules.core.DefaultRuleListener   : Registered rules:
2018-02-06 22:31:04.911  INFO 8114 --- [http-nio-8080-exec-2] o.jeasy.rules.core.DefaultRuleListener   : Rule { name = 'paper rock rule', description = 'paper beats rock', priority = '2147483646'}
2018-02-06 22:31:04.913  INFO 8114 --- [http-nio-8080-exec-2] o.jeasy.rules.core.DefaultRuleListener   : Rule { name = 'paper scissor rule', description = 'scissor beats paper', priority = '2147483646'}
2018-02-06 22:31:04.915  INFO 8114 --- [http-nio-8080-exec-2] o.jeasy.rules.core.DefaultRuleListener   : Rule { name = 'rock paper rule', description = 'paper beats rock', priority = '2147483646'}
2018-02-06 22:31:04.917  INFO 8114 --- [http-nio-8080-exec-2] o.jeasy.rules.core.DefaultRuleListener   : Rule { name = 'rock scissor rule', description = 'rock beats scissor', priority = '2147483646'}
2018-02-06 22:31:04.919  INFO 8114 --- [http-nio-8080-exec-2] o.jeasy.rules.core.DefaultRuleListener   : Rule { name = 'scissor paper rule', description = 'scissor beats paper', priority = '2147483646'}
2018-02-06 22:31:04.926  INFO 8114 --- [http-nio-8080-exec-2] o.jeasy.rules.core.DefaultRuleListener   : Rule { name = 'scissor rock rule', description = 'rock beats scissor', priority = '2147483646'}
2018-02-06 22:31:04.929  INFO 8114 --- [http-nio-8080-exec-2] o.jeasy.rules.core.DefaultRuleListener   : Rule { name = 'tie rule', description = 'tie situation', priority = '2147483646'}
2018-02-06 22:31:04.932  INFO 8114 --- [http-nio-8080-exec-2] o.jeasy.rules.core.DefaultRuleListener   : Known facts:
2018-02-06 22:31:04.949  INFO 8114 --- [http-nio-8080-exec-2] o.jeasy.rules.core.DefaultRuleListener   : Fact { selections : core.game.Selections@52c5aad6 }
2018-02-06 22:31:04.976  INFO 8114 --- [http-nio-8080-exec-2] o.jeasy.rules.core.DefaultRuleListener   : Rules evaluation started
2018-02-06 22:31:04.979  INFO 8114 --- [http-nio-8080-exec-2] o.jeasy.rules.core.DefaultRuleListener   : Rule 'paper rock rule' has been evaluated to false, it has not been executed
2018-02-06 22:31:04.990  INFO 8114 --- [http-nio-8080-exec-2] o.jeasy.rules.core.DefaultRuleListener   : Rule 'paper scissor rule' triggered
2018-02-06 22:31:04.993  INFO 8114 --- [http-nio-8080-exec-2] core.rules.PaperScissorRule              : Scissor beats paper: User B wins!
2018-02-06 22:31:04.994  INFO 8114 --- [http-nio-8080-exec-2] o.jeasy.rules.core.DefaultRuleListener   : Rule 'paper scissor rule' performed successfully
2018-02-06 22:31:05.002  INFO 8114 --- [http-nio-8080-exec-2] o.jeasy.rules.core.DefaultRuleListener   : Rule 'rock paper rule' has been evaluated to false, it has not been executed
2018-02-06 22:31:05.004  INFO 8114 --- [http-nio-8080-exec-2] o.jeasy.rules.core.DefaultRuleListener   : Rule 'rock scissor rule' has been evaluated to false, it has not been executed
2018-02-06 22:31:05.009  INFO 8114 --- [http-nio-8080-exec-2] o.jeasy.rules.core.DefaultRuleListener   : Rule 'scissor paper rule' has been evaluated to false, it has not been executed
2018-02-06 22:31:05.011  INFO 8114 --- [http-nio-8080-exec-2] o.jeasy.rules.core.DefaultRuleListener   : Rule 'scissor rock rule' has been evaluated to false, it has not been executed
2018-02-06 22:31:05.023  INFO 8114 --- [http-nio-8080-exec-2] o.jeasy.rules.core.DefaultRuleListener   : Rule 'tie rule' has been evaluated to false, it has not been executed
2018-02-06 22:31:51.547  INFO 8192 --- [main] core.Application                         : Starting Application on supercomp with PID 8192 (/home/atila/git/SSPB/target/classes started by atila in /home/atila/git/SSPB)
2018-02-06 22:31:51.566 DEBUG 8192 --- [main] core.Application                         : Running with Spring Boot v1.5.9.RELEASE, Spring v4.3.13.RELEASE
2018-02-06 22:31:51.569  INFO 8192 --- [main] core.Application                         : No active profile set, falling back to default profiles: default
2018-02-06 22:32:01.948  INFO 8192 --- [main] o.apache.catalina.core.StandardService   : Starting service [Tomcat]
2018-02-06 22:32:01.955  INFO 8192 --- [main] org.apache.catalina.core.StandardEngine  : Starting Servlet Engine: Apache Tomcat/8.5.23
2018-02-06 22:32:02.767  INFO 8192 --- [localhost-startStop-1] o.a.c.c.C.[Tomcat].[localhost].[/]       : Initializing Spring embedded WebApplicationContext
2018-02-06 22:32:13.077  INFO 8192 --- [main] core.Application                         : Started Application in 24.06 seconds (JVM running for 43.533)
2018-02-06 22:32:41.073  INFO 8192 --- [http-nio-8080-exec-1] o.a.c.c.C.[Tomcat].[localhost].[/]       : Initializing Spring FrameworkServlet 'dispatcherServlet'
2018-02-06 22:32:42.465 DEBUG 8192 --- [http-nio-8080-exec-1] core.PlayController                      : PlayRequest [shape=Papier, gameMode=Klassik]
2018-02-06 22:32:42.688  INFO 8192 --- [http-nio-8080-exec-1] core.rules.PaperRockRule                 : Paper beats rock: User A wins!
2018-02-06 22:32:45.529 DEBUG 8192 --- [http-nio-8080-exec-2] core.PlayController                      : PlayRequest [shape=Papier, gameMode=Klassik]
2018-02-06 22:32:45.547  INFO 8192 --- [http-nio-8080-exec-2] core.rules.PaperScissorRule              : Scissor beats paper: User B wins!
2018-02-06 22:32:48.032 DEBUG 8192 --- [http-nio-8080-exec-3] core.PlayController                      : PlayRequest [shape=Papier, gameMode=Klassik]
2018-02-06 22:32:48.038  INFO 8192 --- [http-nio-8080-exec-3] core.rules.PaperScissorRule              : Scissor beats paper: User B wins!
2018-02-06 22:32:49.539 DEBUG 8192 --- [http-nio-8080-exec-4] core.PlayController                      : PlayRequest [shape=Papier, gameMode=Klassik]
2018-02-06 22:32:49.547  INFO 8192 --- [http-nio-8080-exec-4] core.rules.TieRule                       : The game is tied: No one wins!
2018-02-06 22:32:51.570 DEBUG 8192 --- [http-nio-8080-exec-5] core.PlayController                      : PlayRequest [shape=Papier, gameMode=Klassik]
2018-02-06 22:32:51.592  INFO 8192 --- [http-nio-8080-exec-5] core.rules.PaperScissorRule              : Scissor beats paper: User B wins!
